Flow report for circuito
Fri May 15 12:18:32 2026
Quartus II 64-Bit Version 13.0.1 Build 232 06/12/2013 Service Pack 1 SJ Web Edition


---------------------
; Table of Contents ;
---------------------
  1. Legal Notice
  2. Flow Summary
  3. Flow Settings
  4. Flow Non-Default Global Settings
  5. Flow Elapsed Time
  6. Flow OS Summary
  7. Flow Log
  8. Flow Messages
  9. Flow Suppressed Messages



----------------
; Legal Notice ;
----------------
Copyright (C) 1991-2013 Altera Corporation
Your use of Altera Corporation's design tools, logic functions 
and other software and tools, and its AMPP partner logic 
functions, and any output files from any of the foregoing 
(including device programming or simulation files), and any 
associated documentation or information are expressly subject 
to the terms and conditions of the Altera Program License 
Subscription Agreement, Altera MegaCore Function License 
Agreement, or other applicable license agreement, including, 
without limitation, that your use is for the sole purpose of 
programming logic devices manufactured by Altera and sold by 
Altera or its authorized distributors.  Please refer to the 
applicable agreement for further details.



+--------------------------------------------------------------------------------------+
; Flow Summary                                                                         ;
+------------------------------------+-------------------------------------------------+
; Flow Status                        ; Successful - Fri May 15 12:18:32 2026           ;
; Quartus II 64-Bit Version          ; 13.0.1 Build 232 06/12/2013 SP 1 SJ Web Edition ;
; Revision Name                      ; circuito                                        ;
; Top-level Entity Name              ; circuito                                        ;
; Family                             ; Cyclone II                                      ;
; Device                             ; EP2C35F672C6                                    ;
; Timing Models                      ; Final                                           ;
; Total logic elements               ; 2 / 33,216 ( < 1 % )                            ;
;     Total combinational functions  ; 2 / 33,216 ( < 1 % )                            ;
;     Dedicated logic registers      ; 0 / 33,216 ( 0 % )                              ;
; Total registers                    ; 0                                               ;
; Total pins                         ; 5 / 475 ( 1 % )                                 ;
; Total virtual pins                 ; 0                                               ;
; Total memory bits                  ; 0 / 483,840 ( 0 % )                             ;
; Embedded Multiplier 9-bit elements ; 0 / 70 ( 0 % )                                  ;
; Total PLLs                         ; 0 / 4 ( 0 % )                                   ;
+------------------------------------+-------------------------------------------------+


+-----------------------------------------+
; Flow Settings                           ;
+-------------------+---------------------+
; Option            ; Setting             ;
+-------------------+---------------------+
; Start date & time ; 05/15/2026 12:08:43 ;
; Main task         ; Compilation         ;
; Revision Name     ; circuito            ;
+-------------------+---------------------+


+---------------------------------------------------------------------------------------------------------------+
; Flow Non-Default Global Settings                                                                              ;
+-------------------------------------+------------------------------+---------------+-------------+------------+
; Assignment Name                     ; Value                        ; Default Value ; Entity Name ; Section Id ;
+-------------------------------------+------------------------------+---------------+-------------+------------+
; COMPILER_SIGNATURE_ID               ; 963354558613.177885772206196 ; --            ; --          ; --         ;
; MAX_CORE_JUNCTION_TEMP              ; 85                           ; --            ; --          ; --         ;
; MIN_CORE_JUNCTION_TEMP              ; 0                            ; --            ; --          ; --         ;
; PARTITION_COLOR                     ; 16764057                     ; --            ; --          ; Top        ;
; PARTITION_FITTER_PRESERVATION_LEVEL ; PLACEMENT_AND_ROUTING        ; --            ; --          ; Top        ;
; PARTITION_NETLIST_TYPE              ; SOURCE                       ; --            ; --          ; Top        ;
; PROJECT_OUTPUT_DIRECTORY            ; output_files                 ; --            ; --          ; --         ;
+-------------------------------------+------------------------------+---------------+-------------+------------+


+-------------------------------------------------------------------------------------------------------------------------------+
; Flow Elapsed Time                                                                                                             ;
+---------------------------+--------------+-------------------------+---------------------+------------------------------------+
; Module Name               ; Elapsed Time ; Average Processors Used ; Peak Virtual Memory ; Total CPU Time (on all processors) ;
+---------------------------+--------------+-------------------------+---------------------+------------------------------------+
; Analysis & Synthesis      ; 00:00:02     ; 1.0                     ; 4623 MB             ; 00:00:02                           ;
; Fitter                    ; 00:00:08     ; 1.0                     ; 4872 MB             ; 00:00:07                           ;
; Assembler                 ; 00:00:03     ; 1.0                     ; 4556 MB             ; 00:00:02                           ;
; TimeQuest Timing Analyzer ; 00:00:01     ; 1.0                     ; 4536 MB             ; 00:00:01                           ;
; EDA Netlist Writer        ; 00:00:01     ; 1.0                     ; 4515 MB             ; 00:00:01                           ;
; EDA Netlist Writer        ; 00:00:01     ; 1.0                     ; 4515 MB             ; 00:00:01                           ;
; Total                     ; 00:00:16     ; --                      ; --                  ; 00:00:14                           ;
+---------------------------+--------------+-------------------------+---------------------+------------------------------------+


+----------------------------------------------------------------------------------------+
; Flow OS Summary                                                                        ;
+---------------------------+------------------+-----------+------------+----------------+
; Module Name               ; Machine Hostname ; OS Name   ; OS Version ; Processor type ;
+---------------------------+------------------+-----------+------------+----------------+
; Analysis & Synthesis      ; DESKTOP-ISFVQRV  ; Windows 7 ; 6.2        ; x86_64         ;
; Fitter                    ; DESKTOP-ISFVQRV  ; Windows 7 ; 6.2        ; x86_64         ;
; Assembler                 ; DESKTOP-ISFVQRV  ; Windows 7 ; 6.2        ; x86_64         ;
; TimeQuest Timing Analyzer ; DESKTOP-ISFVQRV  ; Windows 7 ; 6.2        ; x86_64         ;
; EDA Netlist Writer        ; DESKTOP-ISFVQRV  ; Windows 7 ; 6.2        ; x86_64         ;
; EDA Netlist Writer        ; DESKTOP-ISFVQRV  ; Windows 7 ; 6.2        ; x86_64         ;
+---------------------------+------------------+-----------+------------+----------------+


------------
; Flow Log ;
------------
quartus_map --read_settings_files=on --write_settings_files=off circuito -c circuito
quartus_fit --read_settings_files=off --write_settings_files=off circuito -c circuito
quartus_asm --read_settings_files=off --write_settings_files=off circuito -c circuito
quartus_sta circuito -c circuito
quartus_eda --gen_testbench --check_outputs=on --tool=modelsim_oem --format=verilog circuito -c circuito --vector_source="C:/Users/adria/Downloads/Sistemas Digitais/Prática/Atividades/lab_1/circuito/SimulaçăoTabVerdade.vwf" --testbench_file=./simulation/qsim/circuito.vt
quartus_eda --functional=on --simulation=on --tool=modelsim_oem --format=verilog circuito -c circuito



